Arguments: 
  /Users/ericmcintyre/.nvm/versions/node/v16.13.2/bin/node /Users/ericmcintyre/.node/corepack/yarn/1.22.15/bin/yarn.js init

PATH: 
  /Users/ericmcintyre/Development/tools/go/bin:/Users/ericmcintyre/.sdkman/candidates/java/current/bin:/Users/ericmcintyre/.pyenv/plugins/pyenv-virtualenv/shims:/Users/ericmcintyre/.pyenv/shims:/Users/ericmcintyre/.nvm/versions/node/v16.13.2/bin:/opt/homebrew/bin:/opt/homebrew/sbin:/usr/local/bin:/usr/bin:/bin:/usr/sbin:/sbin:/usr/local/MacGPG2/bin:/usr/local/share/dotnet:~/.dotnet/tools:/Library/Apple/usr/bin:/Library/Frameworks/Mono.framework/Versions/Current/Commands:/Users/ericmcintyre/.cargo/bin:/Users/ericmcintyre/Development/tools/go/bin:/Users/ericmcintyre/.pyenv/bin

Yarn version: 
  1.22.15

Node version: 
  16.13.2

Platform: 
  darwin arm64

Trace: 
  Error: canceled
      at Interface.<anonymous> (/Users/ericmcintyre/.node/corepack/yarn/1.22.15/lib/cli.js:137145:13)
      at Interface.emit (node:events:390:28)
      at Interface._ttyWrite (node:readline:1081:16)
      at ReadStream.onkeypress (node:readline:288:10)
      at ReadStream.emit (node:events:390:28)
      at emitKeys (node:internal/readline/utils:358:14)
      at emitKeys.next (<anonymous>)
      at ReadStream.onData (node:internal/readline/emitKeypressEvents:61:36)
      at ReadStream.emit (node:events:390:28)
      at addChunk (node:internal/streams/readable:315:12)

npm manifest: 
  No manifest

yarn manifest: 
  No manifest

Lockfile: 
  No lockfile
